#-----------------------------------------------------------
# Vivado v2018.2 (64-bit)
# SW Build 2258646 on Thu Jun 14 20:02:38 MDT 2018
# IP Build 2256618 on Thu Jun 14 22:10:49 MDT 2018
# Start of session at: Mon Aug 29 09:44:52 2022
# Process ID: 25187
# Current directory: /home/christian/Schreibtisch/Sorel/ReconROS/demos/ros_hwtopic_demo/server_app
# Command line: vivado
# Log file: /home/christian/Schreibtisch/Sorel/ReconROS/demos/ros_hwtopic_demo/server_app/vivado.log
# Journal file: /home/christian/Schreibtisch/Sorel/ReconROS/demos/ros_hwtopic_demo/server_app/vivado.jou
#-----------------------------------------------------------
start_gui
open_project /home/christian/Schreibtisch/Sorel/ReconROS/demos/ros_hwtopic_demo/server_app/build.hw/myReconOS.xpr
Scanning sources...
Finished scanning sources
INFO: [IP_Flow 19-234] Refreshing IP repositories
INFO: [IP_Flow 19-1700] Loaded user IP repository '/home/christian/Schreibtisch/Sorel/ReconROS/demos/ros_hwtopic_demo/server_app/build.hw/pcores'.
INFO: [IP_Flow 19-2313] Loaded Vivado IP repository '/opt/Xilinx/Vivado/2018.2/data/ip'.
open_project: Time (s): cpu = 00:00:12 ; elapsed = 00:00:09 . Memory (MB): peak = 6472.008 ; gain = 448.652 ; free physical = 2380 ; free virtual = 26909
update_compile_order -fileset sources_1
exit
INFO: [Common 17-206] Exiting Vivado at Mon Aug 29 09:47:39 2022...
