#-----------------------------------------------------------
# Vivado v2017.1 (64-bit)
# SW Build 1846317 on Fri Apr 14 18:54:47 MDT 2017
# IP Build 1846188 on Fri Apr 14 20:52:08 MDT 2017
# Start of session at: Thu Jul 21 10:16:08 2022
# Process ID: 24492
# Current directory: /home/student/hwtopics/reconros/demos/ros_hwtopic_demo/server_app
# Command line: vivado
# Log file: /home/student/hwtopics/reconros/demos/ros_hwtopic_demo/server_app/vivado.log
# Journal file: /home/student/hwtopics/reconros/demos/ros_hwtopic_demo/server_app/vivado.jou
#-----------------------------------------------------------
start_gui
open_project /home/student/hwtopics/reconros/demos/ros_hwtopic_demo/server_app/build.hw/myReconOS.xpr
Scanning sources...
Finished scanning sources
INFO: [IP_Flow 19-234] Refreshing IP repositories
INFO: [IP_Flow 19-1700] Loaded user IP repository '/home/student/hwtopics/reconros/demos/ros_hwtopic_demo/server_app/build.hw/pcores'.
INFO: [IP_Flow 19-2313] Loaded Vivado IP repository '/opt/Xilinx/Vivado/2017.1/data/ip'.
update_compile_order -fileset sources_1
open_bd_design {/home/student/hwtopics/reconros/demos/ros_hwtopic_demo/server_app/build.hw/myReconOS.srcs/sources_1/bd/design_1/design_1.bd}
Adding cell -- xilinx.com:ip:proc_sys_reset:5.0 - reset_0
Adding cell -- xilinx.com:ip:processing_system7:5.5 - processing_system7_0
Adding cell -- cs.upb.de:reconos:reconos_clock:1.0 - reconos_clock_0
Adding cell -- cs.upb.de:reconos:reconos_memif_arbiter:1.0 - reconos_memif_arbiter_0
Adding cell -- cs.upb.de:reconos:reconos_memif_memory_controller:1.0 - reconos_memif_memory_controller_0
Adding cell -- cs.upb.de:reconos:reconos_memif_mmu_zynq:1.0 - reconos_memif_mmu_zynq_0
Adding cell -- cs.upb.de:reconos:reconos_osif_intc:1.0 - reconos_osif_intc_0
Adding cell -- cs.upb.de:reconos:reconos_osif:1.0 - reconos_osif_0
Adding cell -- cs.upb.de:reconos:reconos_proc_control:1.0 - reconos_proc_control_0
Adding cell -- cs.upb.de:reconos:timer:1.0 - timer_0
Adding cell -- cs.upb.de:reconos:rt_athreada:1.0 - slot_0
Adding cell -- cs.upb.de:reconos:rt_athreadb:1.0 - slot_1
Adding cell -- cs.upb.de:reconos:rt_athreadc:1.0 - slot_2
Adding cell -- cs.upb.de:reconos:rt_athreadc:1.0 - slot_3
Adding cell -- cs.upb.de:reconos:rt_athreadc:1.0 - slot_4
Adding cell -- cs.upb.de:reconos:rt_athreadc:1.0 - slot_5
Adding cell -- cs.upb.de:reconos:rt_athreadc:1.0 - slot_6
Adding cell -- cs.upb.de:reconos:reconos_fifo_async:1.0 - reconos_fifo_osif_hw2sw_0
Adding cell -- cs.upb.de:reconos:reconos_fifo_async:1.0 - reconos_fifo_osif_sw2hw_0
Adding cell -- cs.upb.de:reconos:reconos_fifo_async:1.0 - reconos_fifo_memif_hwt2mem_0
Adding cell -- cs.upb.de:reconos:reconos_fifo_async:1.0 - reconos_fifo_memif_mem2hwt_0
Adding cell -- cs.upb.de:reconos:reconos_fifo_async:1.0 - reconos_fifo_osif_hw2sw_1
Adding cell -- cs.upb.de:reconos:reconos_fifo_async:1.0 - reconos_fifo_osif_sw2hw_1
Adding cell -- cs.upb.de:reconos:reconos_fifo_async:1.0 - reconos_fifo_memif_hwt2mem_1
Adding cell -- cs.upb.de:reconos:reconos_fifo_async:1.0 - reconos_fifo_memif_mem2hwt_1
Adding cell -- cs.upb.de:reconos:reconos_fifo_async:1.0 - reconos_fifo_osif_hw2sw_2
Adding cell -- cs.upb.de:reconos:reconos_fifo_async:1.0 - reconos_fifo_osif_sw2hw_2
Adding cell -- cs.upb.de:reconos:reconos_fifo_async:1.0 - reconos_fifo_memif_hwt2mem_2
Adding cell -- cs.upb.de:reconos:reconos_fifo_async:1.0 - reconos_fifo_memif_mem2hwt_2
Adding cell -- cs.upb.de:reconos:reconos_fifo_async:1.0 - reconos_fifo_osif_hw2sw_3
Adding cell -- cs.upb.de:reconos:reconos_fifo_async:1.0 - reconos_fifo_osif_sw2hw_3
Adding cell -- cs.upb.de:reconos:reconos_fifo_async:1.0 - reconos_fifo_memif_hwt2mem_3
Adding cell -- cs.upb.de:reconos:reconos_fifo_async:1.0 - reconos_fifo_memif_mem2hwt_3
Adding cell -- cs.upb.de:reconos:reconos_fifo_async:1.0 - reconos_fifo_osif_hw2sw_4
Adding cell -- cs.upb.de:reconos:reconos_fifo_async:1.0 - reconos_fifo_osif_sw2hw_4
Adding cell -- cs.upb.de:reconos:reconos_fifo_async:1.0 - reconos_fifo_memif_hwt2mem_4
Adding cell -- cs.upb.de:reconos:reconos_fifo_async:1.0 - reconos_fifo_memif_mem2hwt_4
Adding cell -- cs.upb.de:reconos:reconos_fifo_async:1.0 - reconos_fifo_osif_hw2sw_5
Adding cell -- cs.upb.de:reconos:reconos_fifo_async:1.0 - reconos_fifo_osif_sw2hw_5
Adding cell -- cs.upb.de:reconos:reconos_fifo_async:1.0 - reconos_fifo_memif_hwt2mem_5
Adding cell -- cs.upb.de:reconos:reconos_fifo_async:1.0 - reconos_fifo_memif_mem2hwt_5
Adding cell -- cs.upb.de:reconos:reconos_fifo_async:1.0 - reconos_fifo_osif_hw2sw_6
Adding cell -- cs.upb.de:reconos:reconos_fifo_async:1.0 - reconos_fifo_osif_sw2hw_6
Adding cell -- cs.upb.de:reconos:reconos_fifo_async:1.0 - reconos_fifo_memif_hwt2mem_6
Adding cell -- cs.upb.de:reconos:reconos_fifo_async:1.0 - reconos_fifo_memif_mem2hwt_6
Adding cell -- xilinx.com:ip:xlconstant:1.1 - xlconstant_0
Adding cell -- xilinx.com:ip:xlconcat:2.1 - xlconcat_0
WARNING: [BD 41-1731] Type mismatch between connected pins: /reconos_clock_0/CLK1_Out(undef) and /reconos_fifo_osif_sw2hw_0/FIFO_S_Clk(clk)
WARNING: [BD 41-1731] Type mismatch between connected pins: /reconos_clock_0/CLK1_Out(undef) and /reconos_fifo_memif_mem2hwt_0/FIFO_S_Clk(clk)
WARNING: [BD 41-1731] Type mismatch between connected pins: /reconos_clock_0/CLK1_Out(undef) and /reconos_fifo_osif_hw2sw_0/FIFO_M_Clk(clk)
WARNING: [BD 41-1731] Type mismatch between connected pins: /reconos_clock_0/CLK1_Out(undef) and /reconos_fifo_memif_hwt2mem_0/FIFO_M_Clk(clk)
WARNING: [BD 41-1731] Type mismatch between connected pins: /reconos_clock_0/CLK1_Out(undef) and /reconos_fifo_osif_sw2hw_1/FIFO_S_Clk(clk)
WARNING: [BD 41-1731] Type mismatch between connected pins: /reconos_clock_0/CLK1_Out(undef) and /reconos_fifo_memif_mem2hwt_1/FIFO_S_Clk(clk)
WARNING: [BD 41-1731] Type mismatch between connected pins: /reconos_clock_0/CLK1_Out(undef) and /reconos_fifo_osif_hw2sw_1/FIFO_M_Clk(clk)
WARNING: [BD 41-1731] Type mismatch between connected pins: /reconos_clock_0/CLK1_Out(undef) and /reconos_fifo_memif_hwt2mem_1/FIFO_M_Clk(clk)
WARNING: [BD 41-1731] Type mismatch between connected pins: /reconos_clock_0/CLK1_Out(undef) and /reconos_fifo_osif_sw2hw_2/FIFO_S_Clk(clk)
WARNING: [BD 41-1731] Type mismatch between connected pins: /reconos_clock_0/CLK1_Out(undef) and /reconos_fifo_memif_mem2hwt_2/FIFO_S_Clk(clk)
WARNING: [BD 41-1731] Type mismatch between connected pins: /reconos_clock_0/CLK1_Out(undef) and /reconos_fifo_osif_hw2sw_2/FIFO_M_Clk(clk)
WARNING: [BD 41-1731] Type mismatch between connected pins: /reconos_clock_0/CLK1_Out(undef) and /reconos_fifo_memif_hwt2mem_2/FIFO_M_Clk(clk)
WARNING: [BD 41-1731] Type mismatch between connected pins: /reconos_clock_0/CLK1_Out(undef) and /reconos_fifo_osif_sw2hw_3/FIFO_S_Clk(clk)
WARNING: [BD 41-1731] Type mismatch between connected pins: /reconos_clock_0/CLK1_Out(undef) and /reconos_fifo_memif_mem2hwt_3/FIFO_S_Clk(clk)
WARNING: [BD 41-1731] Type mismatch between connected pins: /reconos_clock_0/CLK1_Out(undef) and /reconos_fifo_osif_hw2sw_3/FIFO_M_Clk(clk)
WARNING: [BD 41-1731] Type mismatch between connected pins: /reconos_clock_0/CLK1_Out(undef) and /reconos_fifo_memif_hwt2mem_3/FIFO_M_Clk(clk)
WARNING: [BD 41-1731] Type mismatch between connected pins: /reconos_clock_0/CLK1_Out(undef) and /reconos_fifo_osif_sw2hw_4/FIFO_S_Clk(clk)
WARNING: [BD 41-1731] Type mismatch between connected pins: /reconos_clock_0/CLK1_Out(undef) and /reconos_fifo_memif_mem2hwt_4/FIFO_S_Clk(clk)
WARNING: [BD 41-1731] Type mismatch between connected pins: /reconos_clock_0/CLK1_Out(undef) and /reconos_fifo_osif_hw2sw_4/FIFO_M_Clk(clk)
WARNING: [BD 41-1731] Type mismatch between connected pins: /reconos_clock_0/CLK1_Out(undef) and /reconos_fifo_memif_hwt2mem_4/FIFO_M_Clk(clk)
WARNING: [BD 41-1731] Type mismatch between connected pins: /reconos_clock_0/CLK1_Out(undef) and /reconos_fifo_osif_sw2hw_5/FIFO_S_Clk(clk)
WARNING: [BD 41-1731] Type mismatch between connected pins: /reconos_clock_0/CLK1_Out(undef) and /reconos_fifo_memif_mem2hwt_5/FIFO_S_Clk(clk)
WARNING: [BD 41-1731] Type mismatch between connected pins: /reconos_clock_0/CLK1_Out(undef) and /reconos_fifo_osif_hw2sw_5/FIFO_M_Clk(clk)
WARNING: [BD 41-1731] Type mismatch between connected pins: /reconos_clock_0/CLK1_Out(undef) and /reconos_fifo_memif_hwt2mem_5/FIFO_M_Clk(clk)
WARNING: [BD 41-1731] Type mismatch between connected pins: /reconos_clock_0/CLK1_Out(undef) and /reconos_fifo_osif_sw2hw_6/FIFO_S_Clk(clk)
WARNING: [BD 41-1731] Type mismatch between connected pins: /reconos_clock_0/CLK1_Out(undef) and /reconos_fifo_memif_mem2hwt_6/FIFO_S_Clk(clk)
WARNING: [BD 41-1731] Type mismatch between connected pins: /reconos_clock_0/CLK1_Out(undef) and /reconos_fifo_osif_hw2sw_6/FIFO_M_Clk(clk)
WARNING: [BD 41-1731] Type mismatch between connected pins: /reconos_clock_0/CLK1_Out(undef) and /reconos_fifo_memif_hwt2mem_6/FIFO_M_Clk(clk)
WARNING: [BD 41-1731] Type mismatch between connected pins: /reconos_clock_0/CLK1_Out(undef) and /slot_0/HWT_Clk(clk)
WARNING: [BD 41-1731] Type mismatch between connected pins: /reconos_clock_0/CLK1_Out(undef) and /slot_1/HWT_Clk(clk)
WARNING: [BD 41-1731] Type mismatch between connected pins: /reconos_clock_0/CLK1_Out(undef) and /slot_2/HWT_Clk(clk)
WARNING: [BD 41-1731] Type mismatch between connected pins: /reconos_clock_0/CLK1_Out(undef) and /slot_3/HWT_Clk(clk)
WARNING: [BD 41-1731] Type mismatch between connected pins: /reconos_clock_0/CLK1_Out(undef) and /slot_4/HWT_Clk(clk)
WARNING: [BD 41-1731] Type mismatch between connected pins: /reconos_clock_0/CLK1_Out(undef) and /slot_5/HWT_Clk(clk)
WARNING: [BD 41-1731] Type mismatch between connected pins: /reconos_clock_0/CLK1_Out(undef) and /slot_6/HWT_Clk(clk)
WARNING: [BD 41-1731] Type mismatch between connected pins: /reconos_proc_control_0/PROC_Hwt_Rst_0(undef) and /slot_0/HWT_Rst(rst)
WARNING: [BD 41-1731] Type mismatch between connected pins: /reconos_proc_control_0/PROC_Hwt_Rst_0(undef) and /reconos_fifo_memif_mem2hwt_0/FIFO_Rst(rst)
WARNING: [BD 41-1731] Type mismatch between connected pins: /reconos_proc_control_0/PROC_Hwt_Rst_0(undef) and /reconos_fifo_memif_hwt2mem_0/FIFO_Rst(rst)
WARNING: [BD 41-1731] Type mismatch between connected pins: /reconos_proc_control_0/PROC_Hwt_Rst_0(undef) and /reconos_fifo_osif_hw2sw_0/FIFO_Rst(rst)
WARNING: [BD 41-1731] Type mismatch between connected pins: /reconos_proc_control_0/PROC_Hwt_Rst_0(undef) and /reconos_fifo_osif_sw2hw_0/FIFO_Rst(rst)
WARNING: [BD 41-1731] Type mismatch between connected pins: /reconos_proc_control_0/PROC_Hwt_Rst_1(undef) and /slot_1/HWT_Rst(rst)
WARNING: [BD 41-1731] Type mismatch between connected pins: /reconos_proc_control_0/PROC_Hwt_Rst_1(undef) and /reconos_fifo_memif_mem2hwt_1/FIFO_Rst(rst)
WARNING: [BD 41-1731] Type mismatch between connected pins: /reconos_proc_control_0/PROC_Hwt_Rst_1(undef) and /reconos_fifo_memif_hwt2mem_1/FIFO_Rst(rst)
WARNING: [BD 41-1731] Type mismatch between connected pins: /reconos_proc_control_0/PROC_Hwt_Rst_1(undef) and /reconos_fifo_osif_hw2sw_1/FIFO_Rst(rst)
WARNING: [BD 41-1731] Type mismatch between connected pins: /reconos_proc_control_0/PROC_Hwt_Rst_1(undef) and /reconos_fifo_osif_sw2hw_1/FIFO_Rst(rst)
WARNING: [BD 41-1731] Type mismatch between connected pins: /reconos_proc_control_0/PROC_Hwt_Rst_2(undef) and /slot_2/HWT_Rst(rst)
WARNING: [BD 41-1731] Type mismatch between connected pins: /reconos_proc_control_0/PROC_Hwt_Rst_2(undef) and /reconos_fifo_memif_mem2hwt_2/FIFO_Rst(rst)
WARNING: [BD 41-1731] Type mismatch between connected pins: /reconos_proc_control_0/PROC_Hwt_Rst_2(undef) and /reconos_fifo_memif_hwt2mem_2/FIFO_Rst(rst)
WARNING: [BD 41-1731] Type mismatch between connected pins: /reconos_proc_control_0/PROC_Hwt_Rst_2(undef) and /reconos_fifo_osif_hw2sw_2/FIFO_Rst(rst)
WARNING: [BD 41-1731] Type mismatch between connected pins: /reconos_proc_control_0/PROC_Hwt_Rst_2(undef) and /reconos_fifo_osif_sw2hw_2/FIFO_Rst(rst)
WARNING: [BD 41-1731] Type mismatch between connected pins: /reconos_proc_control_0/PROC_Hwt_Rst_3(undef) and /slot_3/HWT_Rst(rst)
WARNING: [BD 41-1731] Type mismatch between connected pins: /reconos_proc_control_0/PROC_Hwt_Rst_3(undef) and /reconos_fifo_memif_mem2hwt_3/FIFO_Rst(rst)
WARNING: [BD 41-1731] Type mismatch between connected pins: /reconos_proc_control_0/PROC_Hwt_Rst_3(undef) and /reconos_fifo_memif_hwt2mem_3/FIFO_Rst(rst)
WARNING: [BD 41-1731] Type mismatch between connected pins: /reconos_proc_control_0/PROC_Hwt_Rst_3(undef) and /reconos_fifo_osif_hw2sw_3/FIFO_Rst(rst)
WARNING: [BD 41-1731] Type mismatch between connected pins: /reconos_proc_control_0/PROC_Hwt_Rst_3(undef) and /reconos_fifo_osif_sw2hw_3/FIFO_Rst(rst)
WARNING: [BD 41-1731] Type mismatch between connected pins: /reconos_proc_control_0/PROC_Hwt_Rst_4(undef) and /slot_4/HWT_Rst(rst)
WARNING: [BD 41-1731] Type mismatch between connected pins: /reconos_proc_control_0/PROC_Hwt_Rst_4(undef) and /reconos_fifo_memif_mem2hwt_4/FIFO_Rst(rst)
WARNING: [BD 41-1731] Type mismatch between connected pins: /reconos_proc_control_0/PROC_Hwt_Rst_4(undef) and /reconos_fifo_memif_hwt2mem_4/FIFO_Rst(rst)
WARNING: [BD 41-1731] Type mismatch between connected pins: /reconos_proc_control_0/PROC_Hwt_Rst_4(undef) and /reconos_fifo_osif_hw2sw_4/FIFO_Rst(rst)
WARNING: [BD 41-1731] Type mismatch between connected pins: /reconos_proc_control_0/PROC_Hwt_Rst_4(undef) and /reconos_fifo_osif_sw2hw_4/FIFO_Rst(rst)
WARNING: [BD 41-1731] Type mismatch between connected pins: /reconos_proc_control_0/PROC_Hwt_Rst_5(undef) and /slot_5/HWT_Rst(rst)
WARNING: [BD 41-1731] Type mismatch between connected pins: /reconos_proc_control_0/PROC_Hwt_Rst_5(undef) and /reconos_fifo_memif_mem2hwt_5/FIFO_Rst(rst)
WARNING: [BD 41-1731] Type mismatch between connected pins: /reconos_proc_control_0/PROC_Hwt_Rst_5(undef) and /reconos_fifo_memif_hwt2mem_5/FIFO_Rst(rst)
WARNING: [BD 41-1731] Type mismatch between connected pins: /reconos_proc_control_0/PROC_Hwt_Rst_5(undef) and /reconos_fifo_osif_hw2sw_5/FIFO_Rst(rst)
WARNING: [BD 41-1731] Type mismatch between connected pins: /reconos_proc_control_0/PROC_Hwt_Rst_5(undef) and /reconos_fifo_osif_sw2hw_5/FIFO_Rst(rst)
WARNING: [BD 41-1731] Type mismatch between connected pins: /reconos_proc_control_0/PROC_Hwt_Rst_6(undef) and /slot_6/HWT_Rst(rst)
WARNING: [BD 41-1731] Type mismatch between connected pins: /reconos_proc_control_0/PROC_Hwt_Rst_6(undef) and /reconos_fifo_memif_mem2hwt_6/FIFO_Rst(rst)
WARNING: [BD 41-1731] Type mismatch between connected pins: /reconos_proc_control_0/PROC_Hwt_Rst_6(undef) and /reconos_fifo_memif_hwt2mem_6/FIFO_Rst(rst)
WARNING: [BD 41-1731] Type mismatch between connected pins: /reconos_proc_control_0/PROC_Hwt_Rst_6(undef) and /reconos_fifo_osif_hw2sw_6/FIFO_Rst(rst)
WARNING: [BD 41-1731] Type mismatch between connected pins: /reconos_proc_control_0/PROC_Hwt_Rst_6(undef) and /reconos_fifo_osif_sw2hw_6/FIFO_Rst(rst)
WARNING: [BD 41-1731] Type mismatch between connected pins: /processing_system7_0/FCLK_CLK0(clk) and /reconos_clock_0/CLK_Ref(undef)
Adding cell -- xilinx.com:ip:axis_switch:1.1 - xbar
Adding cell -- xilinx.com:ip:axis_subset_converter:1.1 - auto_ss_slidr
Adding cell -- xilinx.com:ip:axis_subset_converter:1.1 - auto_ss_slidr
Adding cell -- xilinx.com:ip:axis_subset_converter:1.1 - auto_ss_slidr
Adding cell -- xilinx.com:ip:axis_subset_converter:1.1 - auto_ss_slidr
Adding cell -- xilinx.com:ip:axis_subset_converter:1.1 - auto_ss_slidr
Adding cell -- xilinx.com:ip:axis_subset_converter:1.1 - auto_ss_slidr
Adding cell -- xilinx.com:ip:axis_subset_converter:1.1 - auto_ss_slid
Adding cell -- xilinx.com:ip:axi_crossbar:2.1 - xbar
Adding cell -- xilinx.com:ip:axi_protocol_converter:2.1 - auto_pc
Adding cell -- xilinx.com:ip:axi_protocol_converter:2.1 - auto_pc
Adding cell -- xilinx.com:ip:axi_dwidth_converter:2.1 - auto_us
WARNING: [BD 41-1731] Type mismatch between connected pins: /reconos_clock_0/CLK1_Out(undef) and /axis_interconnect_nicehwtopic/ACLK(clk)
WARNING: [BD 41-1731] Type mismatch between connected pins: /reconos_clock_0/CLK1_Out(undef) and /axis_interconnect_nicehwtopic/S00_AXIS_ACLK(clk)
WARNING: [BD 41-1731] Type mismatch between connected pins: /reconos_clock_0/CLK1_Out(undef) and /axis_interconnect_nicehwtopic/M00_AXIS_ACLK(clk)
WARNING: [BD 41-1731] Type mismatch between connected pins: /reconos_clock_0/CLK1_Out(undef) and /axis_interconnect_nicehwtopic/M01_AXIS_ACLK(clk)
WARNING: [BD 41-1731] Type mismatch between connected pins: /reconos_clock_0/CLK1_Out(undef) and /axis_interconnect_nicehwtopic/M02_AXIS_ACLK(clk)
WARNING: [BD 41-1731] Type mismatch between connected pins: /reconos_clock_0/CLK1_Out(undef) and /axis_interconnect_nicehwtopic/M03_AXIS_ACLK(clk)
WARNING: [BD 41-1731] Type mismatch between connected pins: /reconos_clock_0/CLK1_Out(undef) and /axis_interconnect_nicehwtopic/M04_AXIS_ACLK(clk)
WARNING: [BD 41-1731] Type mismatch between connected pins: /reconos_clock_0/CLK1_Out(undef) and /axis_interconnect_nicehwtopic/M05_AXIS_ACLK(clk)
WARNING: [BD 41-1731] Type mismatch between connected pins: /reconos_clock_0/CLK1_Out(undef) and /axis_interconnect_verynicehwtopic/ACLK(clk)
WARNING: [BD 41-1731] Type mismatch between connected pins: /reconos_clock_0/CLK1_Out(undef) and /axis_interconnect_verynicehwtopic/S00_AXIS_ACLK(clk)
WARNING: [BD 41-1731] Type mismatch between connected pins: /reconos_clock_0/CLK1_Out(undef) and /axis_interconnect_verynicehwtopic/M00_AXIS_ACLK(clk)
Successfully read diagram <design_1> from BD file </home/student/hwtopics/reconros/demos/ros_hwtopic_demo/server_app/build.hw/myReconOS.srcs/sources_1/bd/design_1/design_1.bd>
exit
INFO: [Common 17-206] Exiting Vivado at Thu Jul 21 10:20:14 2022...
