#-----------------------------------------------------------
# Vivado v2018.2 (64-bit)
# SW Build 2258646 on Thu Jun 14 20:02:38 MDT 2018
# IP Build 2256618 on Thu Jun 14 22:10:49 MDT 2018
# Start of session at: Mon Aug 29 10:25:35 2022
# Process ID: 10650
# Current directory: /home/christian/Schreibtisch/Sorel/ReconROS/demos/ros_hwtopic_demo/server_app
# Command line: vivado
# Log file: /home/christian/Schreibtisch/Sorel/ReconROS/demos/ros_hwtopic_demo/server_app/vivado.log
# Journal file: /home/christian/Schreibtisch/Sorel/ReconROS/demos/ros_hwtopic_demo/server_app/vivado.jou
#-----------------------------------------------------------
start_gui
open_project /home/christian/Schreibtisch/Sorel/ReconROS/demos/ros_hwtopic_demo/server_app/build.hw/myReconOS.xpr
Scanning sources...
Finished scanning sources
INFO: [IP_Flow 19-234] Refreshing IP repositories
INFO: [IP_Flow 19-1700] Loaded user IP repository '/home/christian/Schreibtisch/Sorel/ReconROS/demos/ros_hwtopic_demo/server_app/build.hw/pcores'.
INFO: [IP_Flow 19-2313] Loaded Vivado IP repository '/opt/Xilinx/Vivado/2018.2/data/ip'.
WARNING: [IP_Flow 19-3664] IP 'design_1_slot_1_0' generated file not found '/home/christian/Schreibtisch/Sorel/ReconROS/demos/ros_hwtopic_demo/server_app/build.hw/myReconOS.srcs/sources_1/bd/design_1/ip/design_1_slot_1_0/design_1_slot_1_0.dcp'. Please regenerate to continue.
WARNING: [IP_Flow 19-3664] IP 'design_1_slot_1_0' generated file not found '/home/christian/Schreibtisch/Sorel/ReconROS/demos/ros_hwtopic_demo/server_app/build.hw/myReconOS.srcs/sources_1/bd/design_1/ip/design_1_slot_1_0/design_1_slot_1_0_stub.v'. Please regenerate to continue.
WARNING: [IP_Flow 19-3664] IP 'design_1_slot_1_0' generated file not found '/home/christian/Schreibtisch/Sorel/ReconROS/demos/ros_hwtopic_demo/server_app/build.hw/myReconOS.srcs/sources_1/bd/design_1/ip/design_1_slot_1_0/design_1_slot_1_0_stub.vhdl'. Please regenerate to continue.
WARNING: [IP_Flow 19-3664] IP 'design_1_slot_1_0' generated file not found '/home/christian/Schreibtisch/Sorel/ReconROS/demos/ros_hwtopic_demo/server_app/build.hw/myReconOS.srcs/sources_1/bd/design_1/ip/design_1_slot_1_0/design_1_slot_1_0_sim_netlist.v'. Please regenerate to continue.
WARNING: [IP_Flow 19-3664] IP 'design_1_slot_1_0' generated file not found '/home/christian/Schreibtisch/Sorel/ReconROS/demos/ros_hwtopic_demo/server_app/build.hw/myReconOS.srcs/sources_1/bd/design_1/ip/design_1_slot_1_0/design_1_slot_1_0_sim_netlist.vhdl'. Please regenerate to continue.
open_project: Time (s): cpu = 00:00:19 ; elapsed = 00:00:11 . Memory (MB): peak = 6505.555 ; gain = 478.453 ; free physical = 11081 ; free virtual = 28904
update_compile_order -fileset sources_1
exit
INFO: [Common 17-206] Exiting Vivado at Mon Aug 29 10:28:48 2022...
